<?xml version="1.0" encoding="UTF-8"?>
<testng-results ignored="0" total="1" passed="0" failed="0" skipped="1">
  <reporter-output>
  </reporter-output>
  <suite started-at="2022-01-29T13:42:25 EST" name="Surefire suite" finished-at="2022-01-29T13:42:38 EST" duration-ms="12630">
    <groups>
    </groups>
    <test started-at="2022-01-29T13:42:25 EST" name="Surefire test" finished-at="2022-01-29T13:42:38 EST" duration-ms="12630">
      <class name="com.mercury.webtours.base.TestSmoke">
        <test-method is-config="true" signature="startBrowser()[pri:0, instance:com.mercury.webtours.base.TestSmoke@2a266d09]" started-at="2022-01-29T13:42:25 EST" name="startBrowser" finished-at="2022-01-29T13:42:34 EST" duration-ms="8880" status="PASS">
          <reporter-output>
          </reporter-output>
        </test-method> <!-- startBrowser -->
        <test-method signature="userLoginValidation(java.lang.String,java.lang.String)[pri:0, instance:com.mercury.webtours.base.TestSmoke@2a266d09]" started-at="2022-01-29T13:42:35 EST" name="userLoginValidation" data-provider="getLogin" finished-at="2022-01-29T13:42:35 EST" duration-ms="0" status="SKIP">
          <exception class="java.lang.RuntimeException">
            <message>
              <![CDATA[java.lang.NoSuchMethodError: 'org.apache.xmlbeans.XmlOptions org.apache.xmlbeans.XmlOptions.setEntityExpansionLimit(int)']]>
            </message>
            <full-stacktrace>
              <![CDATA[java.lang.RuntimeException: java.lang.NoSuchMethodError: 'org.apache.xmlbeans.XmlOptions org.apache.xmlbeans.XmlOptions.setEntityExpansionLimit(int)'
at org.testng.internal.invokers.MethodInvocationHelper.invokeMethodNoCheckedException(MethodInvocationHelper.java:53)
at org.testng.internal.invokers.MethodInvocationHelper.invokeDataProvider(MethodInvocationHelper.java:153)
at org.testng.internal.Parameters.handleParameters(Parameters.java:767)
at org.testng.internal.Parameters.handleParameters(Parameters.java:704)
at org.testng.internal.invokers.ParameterHandler.handleParameters(ParameterHandler.java:70)
at org.testng.internal.invokers.ParameterHandler.createParameters(ParameterHandler.java:49)
at org.testng.internal.invokers.TestInvoker$MethodInvocationAgent.invoke(TestInvoker.java:904)
at org.testng.internal.invokers.TestInvoker.invokeTestMethods(TestInvoker.java:193)
at org.testng.internal.invokers.TestMethodWorker.invokeTestMethods(TestMethodWorker.java:146)
at org.testng.internal.invokers.TestMethodWorker.run(TestMethodWorker.java:128)
at java.base/java.util.ArrayList.forEach(ArrayList.java:1511)
at org.testng.TestRunner.privateRun(TestRunner.java:808)
at org.testng.TestRunner.run(TestRunner.java:603)
at org.testng.SuiteRunner.runTest(SuiteRunner.java:429)
at org.testng.SuiteRunner.runSequentially(SuiteRunner.java:423)
at org.testng.SuiteRunner.privateRun(SuiteRunner.java:383)
at org.testng.SuiteRunner.run(SuiteRunner.java:326)
at org.testng.SuiteRunnerWorker.runSuite(SuiteRunnerWorker.java:52)
at org.testng.SuiteRunnerWorker.run(SuiteRunnerWorker.java:95)
at org.testng.TestNG.runSuitesSequentially(TestNG.java:1249)
at org.testng.TestNG.runSuitesLocally(TestNG.java:1169)
at org.testng.TestNG.runSuites(TestNG.java:1092)
at org.testng.TestNG.run(TestNG.java:1060)
at org.apache.maven.surefire.testng.TestNGExecutor.run(TestNGExecutor.java:135)
at org.apache.maven.surefire.testng.TestNGDirectoryTestSuite.executeSingleClass(TestNGDirectoryTestSuite.java:112)
at org.apache.maven.surefire.testng.TestNGDirectoryTestSuite.execute(TestNGDirectoryTestSuite.java:99)
at org.apache.maven.surefire.testng.TestNGProvider.invoke(TestNGProvider.java:146)
at org.apache.maven.surefire.booter.ForkedBooter.invokeProviderInSameClassLoader(ForkedBooter.java:384)
at org.apache.maven.surefire.booter.ForkedBooter.runSuitesInProcess(ForkedBooter.java:345)
at org.apache.maven.surefire.booter.ForkedBooter.execute(ForkedBooter.java:126)
at org.apache.maven.surefire.booter.ForkedBooter.main(ForkedBooter.java:418)
Caused by: java.lang.NoSuchMethodError: 'org.apache.xmlbeans.XmlOptions org.apache.xmlbeans.XmlOptions.setEntityExpansionLimit(int)'
at org.apache.poi.ooxml.POIXMLTypeLoader.<clinit>(POIXMLTypeLoader.java:43)
at org.apache.poi.xssf.model.ThemesTable.<init>(ThemesTable.java:86)
at org.apache.poi.ooxml.POIXMLFactory.createDocumentPart(POIXMLFactory.java:61)
at org.apache.poi.ooxml.POIXMLDocumentPart.read(POIXMLDocumentPart.java:684)
at org.apache.poi.ooxml.POIXMLDocument.load(POIXMLDocument.java:180)
at org.apache.poi.xssf.usermodel.XSSFWorkbook.<init>(XSSFWorkbook.java:288)
at org.apache.poi.xssf.usermodel.XSSFWorkbook.<init>(XSSFWorkbook.java:309)
at com.mercury.webtours.util.ExcelReader.<init>(ExcelReader.java:36)
at com.mercury.webtours.datadriven.TestDataUtil.getLogin(TestDataUtil.java:24)
at com.mercury.webtours.base.BaseClass.getLogin(BaseClass.java:53)
at java.base/jdk.internal.reflect.NativeMethodAccessorImpl.invoke0(Native Method)
at java.base/jdk.internal.reflect.NativeMethodAccessorImpl.invoke(NativeMethodAccessorImpl.java:62)
at java.base/jdk.internal.reflect.DelegatingMethodAccessorImpl.invoke(DelegatingMethodAccessorImpl.java:43)
at java.base/java.lang.reflect.Method.invoke(Method.java:564)
at org.testng.internal.invokers.MethodInvocationHelper.invokeMethod(MethodInvocationHelper.java:135)
at org.testng.internal.invokers.MethodInvocationHelper.invokeMethod(MethodInvocationHelper.java:80)
at org.testng.internal.invokers.MethodInvocationHelper.invokeMethodNoCheckedException(MethodInvocationHelper.java:49)
... 30 more
]]>
            </full-stacktrace>
          </exception> <!-- java.lang.RuntimeException -->
          <reporter-output>
          </reporter-output>
        </test-method> <!-- userLoginValidation -->
        <test-method is-config="true" signature="closeBrowser()[pri:0, instance:com.mercury.webtours.base.TestSmoke@2a266d09]" started-at="2022-01-29T13:42:35 EST" name="closeBrowser" finished-at="2022-01-29T13:42:38 EST" duration-ms="2945" status="PASS">
          <reporter-output>
          </reporter-output>
        </test-method> <!-- closeBrowser -->
      </class> <!-- com.mercury.webtours.base.TestSmoke -->
    </test> <!-- Surefire test -->
  </suite> <!-- Surefire suite -->
</testng-results>
